<?xml version="1.0" encoding="UTF-8"?>
<testsuite xmlns:xsi="http://www.w3.org/2001/XMLSchema-instance" xsi:noNamespaceSchemaLocation="https://maven.apache.org/surefire/maven-surefire-plugin/xsd/surefire-test-report-3.0.xsd" version="3.0" name="TestSuite" time="33.912" tests="4" errors="0" skipped="0" failures="1">
  <properties>
[...]
</properties>
  <testcase name="mouseHover" classname="Webpage.EcommerceTest" time="1.535"/>
  <testcase name="dropdown" classname="Webpage.EcommerceTest" time="6.107">
    <failure message="stale element reference: element is not attached to the page document&#10;  (Session info: chrome=72.0.3626.109)&#10;  (Driver info: chromedriver=2.45.615291 (ec3682e3c9061c10f26ea9e5cdcf3c53f3f74387),platform=Windows NT 6.1.7601 SP1 x86) (WARNING: The server did not provide any stacktrace information)&#10;Command duration or timeout: 0 milliseconds&#10;For documentation on this error, please visit: http://seleniumhq.org/exceptions/stale_element_reference.html&#10;Build info: version: &apos;3.141.0&apos;, revision: &apos;2ecb7d9a&apos;, time: &apos;2018-10-31T20:09:30&apos;&#10;System info: host: &apos;JHANSI-PC&apos;, ip: &apos;192.168.55.105&apos;, os.name: &apos;Windows 7&apos;, os.arch: &apos;x86&apos;, os.version: &apos;6.1&apos;, java.version: &apos;1.8.0_151&apos;&#10;Driver info: org.openqa.selenium.chrome.ChromeDriver&#10;Capabilities {acceptInsecureCerts: false, acceptSslCerts: false, applicationCacheEnabled: false, browserConnectionEnabled: false, browserName: chrome, chrome: {chromedriverVersion: 2.45.615291 (ec3682e3c9061c..., userDataDir: C:\Users\JHANSI\AppData\Loc...}, cssSelectorsEnabled: true, databaseEnabled: false, goog:chromeOptions: {debuggerAddress: localhost:57846}, handlesAlerts: true, hasTouchScreen: false, javascriptEnabled: true, locationContextEnabled: true, mobileEmulationEnabled: false, nativeEvents: true, networkConnectionEnabled: false, pageLoadStrategy: normal, platform: XP, platformName: XP, proxy: Proxy(), rotatable: false, setWindowRect: true, strictFileInteractability: false, takesHeapSnapshot: true, takesScreenshot: true, timeouts: {implicit: 0, pageLoad: 300000, script: 30000}, unexpectedAlertBehaviour: ignore, unhandledPromptBehavior: ignore, version: 72.0.3626.109, webStorageEnabled: true}&#10;Session ID: da0f01a5c45aeeb4d37a96ee6671f33b&#10;*** Element info: {Using=tag name, value=option}" type="org.openqa.selenium.StaleElementReferenceException">org.openqa.selenium.StaleElementReferenceException: 
stale element reference: element is not attached to the page document
  (Session info: chrome=72.0.3626.109)
  (Driver info: chromedriver=2.45.615291 (ec3682e3c9061c10f26ea9e5cdcf3c53f3f74387),platform=Windows NT 6.1.7601 SP1 x86) (WARNING: The server did not provide any stacktrace information)
Command duration or timeout: 0 milliseconds
For documentation on this error, please visit: http://seleniumhq.org/exceptions/stale_element_reference.html
Build info: version: '3.141.0', revision: '2ecb7d9a', time: '2018-10-31T20:09:30'
System info: host: 'JHANSI-PC', ip: '192.168.55.105', os.name: 'Windows 7', os.arch: 'x86', os.version: '6.1', java.version: '1.8.0_151'
Driver info: org.openqa.selenium.chrome.ChromeDriver
Capabilities {acceptInsecureCerts: false, acceptSslCerts: false, applicationCacheEnabled: false, browserConnectionEnabled: false, browserName: chrome, chrome: {chromedriverVersion: 2.45.615291 (ec3682e3c9061c..., userDataDir: C:\Users\JHANSI\AppData\Loc...}, cssSelectorsEnabled: true, databaseEnabled: false, goog:chromeOptions: {debuggerAddress: localhost:57846}, handlesAlerts: true, hasTouchScreen: false, javascriptEnabled: true, locationContextEnabled: true, mobileEmulationEnabled: false, nativeEvents: true, networkConnectionEnabled: false, pageLoadStrategy: normal, platform: XP, platformName: XP, proxy: Proxy(), rotatable: false, setWindowRect: true, strictFileInteractability: false, takesHeapSnapshot: true, takesScreenshot: true, timeouts: {implicit: 0, pageLoad: 300000, script: 30000}, unexpectedAlertBehaviour: ignore, unhandledPromptBehavior: ignore, version: 72.0.3626.109, webStorageEnabled: true}
Session ID: da0f01a5c45aeeb4d37a96ee6671f33b
*** Element info: {Using=tag name, value=option}
	at Webpage.EcommerceTest.dropdown(EcommerceTest.java:81)
</failure>
    <system-out><![CDATA[Total number of links in the webpage is 216
Link text = 
Link text = 
Link text = Features
Link text = 
Link text = 
Link text = 
Link text = 
Link text = 
Link text = 
Link text = 
Link text = 
Link text = 
Link text = 
Link text = 
Link text = 
Link text = 
Link text = Customers
Link text = 
Link text = 
Link text = Extensions Store
Link text = 
Link text = 
Link text = 
Link text = 
Link text = 
Link text = 
Link text = 
Link text = 
Link text = 
Link text = 
Link text = 
Link text = 
Link text = 
Link text = 
Link text = 
Link text = 
Link text = 
Link text = 
Link text = 
Link text = 
Link text = 
Link text = 
Link text = 
Link text = 
Link text = 
Link text = 
Link text = 
Link text = 
Link text = 
Link text = 
Link text = 
Link text = 
Link text = 
Link text = Theme Store
Link text = 
Link text = 
Link text = 
Link text = 
Link text = 
Link text = 
Link text = 
Link text = 
Link text = 
Link text = 
Link text = 
Link text = 
Link text = 
Link text = 
Link text = 
Link text = 
Link text = 
Link text = 
Link text = Support
Link text = 
Link text = 
Link text = 
Link text = Blogs
Link text = 
Link text = 
Link text = 
Link text = 
Link text = 
Link text = 
Link text = 
Link text = 
Link text = 
Link text = 
Link text = 
Link text = 
Link text = 
Link text = 
Link text = 
Link text = 
Link text = 
Link text = 
Link text = 
Link text = 
Link text = 
Link text = 
Link text = 
Link text = 
Link text = 
Link text = 
Link text = 
Link text = 
Link text = 
Link text = 
Link text = 
Link text = 
Link text = 
Link text = 
Link text = 
Link text = 
Link text = 
Link text = Skip to navigation
Link text = Skip to content
Link text = LOG IN WITH WORDPRESS.COM
Link text = GET STARTED
Link text = 
Link text = 
Link text = All Extensions
Link text = Marketing
Link text = Marketing
Link text = Email
Link text = Multi-channel
Link text = Promotions
Link text = Reporting
Link text = Social
Link text = All Extensions
Link text = Bundles
Link text = Enhancements
Link text = 
Link text = 
Link text = 
Link text = 
Link text = 
Link text = Free
Link text = Marketing
Link text = 
Link text = 
Link text = 
Link text = 
Link text = 
Link text = Payments
Link text = 
Link text = 
Link text = 
Link text = 
Link text = Product Type
Link text = Shipping
Link text = 
Link text = 
Link text = 
Link text = Store Management
Link text = 
Link text = 
Link text = 
Link text = 
Link text = 
Link text = 
Link text = Subscriptions
Link text = Third Party
Link text = 
Link text = FIND OUT MORE
Link text = WooCommerce Points and Rewards
Reward your customers for purchases and other actions with points which can be redeemed for discounts.
$129.00
Link text = Dynamic Pricing
Bulk discounts, role-based pricing and much more
$129.00
Link text = PayPal Checkout now with Smart Payment Buttons™, dynamically displays, PayPal, Venmo, PayPal Credit, or other local payment options in a single stack giving customers the choice to pay with their preferred option.
$0.00
Link text = Dynamic Pricing
Rated 4.07 out of 5
Bulk discounts, role-based pricing and much more
$129.00
Link text = Smart Coupons
Rated 4.76 out of 5
Enhance your coupon options – create gift certificates, store credit, coupons based on purchases and more.
$99.00
Link text = Add advanced event tracking and enhanced eCommerce tracking to your WooCommerce site.
$79.00
Link text = WooCommerce Points and Rewards
Reward your customers for purchases and other actions with points which can be redeemed for discounts.
$129.00
Link text = URL Coupons
Add a unique URL to a coupon code that automatically applies a discount and (optionally) adds products to the customer’s shopping cart.
$49.00
Link text = Free Gift Coupons
Give away a free item to any customer with the coupon code With WooCommerce Free Gift Coupons.
$29.00
Link text = PDF Product Vouchers
Customize and sell downloadable PDF vouchers for products
$129.00
Link text = WooCommerce Store Credit
Generate store credit coupons that enable customers to make multiple purchases until the total value specified is exhausted or the coupons life expires.
$29.00
Link text = Review for Discount
Reward your reviewers with discount coupons
$29.00
Link text = Show coupon discount info using shortcodes. Allows to render coupon information and content conditionally, based on the validity of coupons.
$0.00
Link text = Account Funds
Account Funds will allow your customers to deposit funds into their accounts for which you can reward them with discounts.
$79.00
Link text = Group Coupons
Automatically apply and restrict coupon validity for user groups. Offer exclusive, automatic and targeted discounts for your customers.
$49.00
Link text = 2
Link text = NEXT ?
Link text = 
Link text = money back guarantee
Link text = Support
Link text = Safe & Secure
Link text = About
Link text = Our Mission
Link text = Giving Back
Link text = Team
Link text = Work With Us
Link text = Style Guide
Link text = Features
Link text = Extension Store
Link text = eCommerce blog
Link text = Development blog
Link text = Ideas board
Link text = Mobile App
Link text = Storefront
Link text = WooSlider
Link text = Sensei
Link text = Sensei Extensions
Link text = Documentation
Link text = Customizations
Link text = Support Policy
Link text = Contact
Link text = Pre-sales FAQ
Link text = Success Stories
Link text = Hosting Solutions
Link text = Design Feedback Group
Link text = 
Link text = 
Link text = 
Link text = 
Link text = TERMS & CONDITIONS
Link text = PRIVACY POLICY
Link text = An Automattic company
]]></system-out>
  </testcase>
  <testcase name="addingtoCart" classname="Webpage.EcommerceTest" time="10.289"/>
  <testcase name="extentReport" classname="Webpage.EcommerceTest" time="0.367"/>
</testsuite>